2024-02-29 12:01:05 INFO: Starting application...
2024-02-29 12:01:10 DEBUG: Initializing database connection...
2024-02-29 12:01:15 INFO: Database connection established.
2024-02-29 12:02:00 ERROR: Unable to process request.
2024-02-29 12:02:05 DEBUG: Processing data...
2024-02-29 12:02:10 INFO: Data processed successfully.
2024-02-29 12:03:00 DEBUG: Fetching user information...
2024-02-29 12:03:05 INFO: User information retrieved.
2024-02-29 12:04:00 DEBUG: Sending email...
2024-02-29 12:04:05 ERROR: Failed to send email. Connection timeout.
2024-02-29 12:05:00 DEBUG: Parsing configuration file...
2024-02-29 12:05:05 INFO: Configuration file parsed successfully.
2024-02-29 12:06:00 ERROR: Invalid input received.
2024-02-29 12:06:05 DEBUG: Validating input...
2024-02-29 12:06:10 INFO: Input validation passed.
2024-02-29 12:07:00 DEBUG: Processing payment...
2024-02-29 12:07:05 INFO: Payment processed successfully.
2024-02-29 12:08:00 DEBUG: Authenticating user...
2024-02-29 12:08:05 INFO: User authenticated successfully.
2024-02-29 12:09:00 ERROR: Internal server error occurred.
2024-02-29 12:09:05 DEBUG: Generating report...
2024-02-29 12:09:10 INFO: Report generated successfully.
2024-02-29 12:10:00 DEBUG: Performing system backup...
2024-02-29 12:07:05 INFO: Payment processed successfully.
2024-02-29 12:04:05 ERROR: Failed to send email. Connection timeout.
2024-02-29 12:07:05 INFO: Payment processed successfully.
2024-02-29 12:09:05 DEBUG: Generating report...
2024-02-29 12:07:05 INFO: Payment processed successfully.



